{"C:\\Users\\dylan\\chirp\\App.js": {"path":"C:\\Users\\dylan\\chirp\\App.js","statementMap":{"0":{"start":{"line":16,"column":12},"end":{"line":16,"column":50}},"1":{"start":{"line":17,"column":13},"end":{"line":17,"column":31}},"2":{"start":{"line":18,"column":11},"end":{"line":18,"column":27}},"3":{"start":{"line":19,"column":0},"end":{"line":19,"column":37}},"4":{"start":{"line":21,"column":14},"end":{"line":21,"column":42}},"5":{"start":{"line":24,"column":2},"end":{"line":41,"column":4}},"6":{"start":{"line":44,"column":15},"end":{"line":51,"column":2}}},"fnMap":{"0":{"name":"App","decl":{"start":{"line":23,"column":24},"end":{"line":23,"column":27}},"loc":{"start":{"line":23,"column":30},"end":{"line":42,"column":1}},"line":23}},"branchMap":{"0":{"loc":{"start":{"line":27,"column":26},"end":{"line":27,"column":78}},"type":"cond-expr","locations":[{"start":{"line":27,"column":33},"end":{"line":27,"column":68}},{"start":{"line":27,"column":71},"end":{"line":27,"column":78}}],"line":27}},"s":{"0":0,"1":0,"2":0,"3":0,"4":0,"5":0,"6":0},"f":{"0":0},"b":{"0":[0,0]}}
,"C:\\Users\\dylan\\chirp\\assets\\Theme.js": {"path":"C:\\Users\\dylan\\chirp\\assets\\Theme.js","statementMap":{"0":{"start":{"line":1,"column":14},"end":{"line":23,"column":1}}},"fnMap":{},"branchMap":{},"s":{"0":0},"f":{},"b":{}}
,"C:\\Users\\dylan\\chirp\\auth\\GoogleSignIn.js": {"path":"C:\\Users\\dylan\\chirp\\auth\\GoogleSignIn.js","statementMap":{"0":{"start":{"line":5,"column":17},"end":{"line":5,"column":55}},"1":{"start":{"line":6,"column":2},"end":{"line":27,"column":7}},"2":{"start":{"line":16,"column":6},"end":{"line":16,"column":32}},"3":{"start":{"line":19,"column":6},"end":{"line":19,"column":25}}},"fnMap":{"0":{"name":"GoogleSignIn","decl":{"start":{"line":4,"column":24},"end":{"line":4,"column":36}},"loc":{"start":{"line":4,"column":55},"end":{"line":28,"column":1}},"line":4},"1":{"name":"(anonymous_1)","decl":{"start":{"line":9,"column":10},"end":{"line":9,"column":11}},"loc":{"start":{"line":9,"column":22},"end":{"line":17,"column":5}},"line":9},"2":{"name":"(anonymous_2)","decl":{"start":{"line":18,"column":11},"end":{"line":18,"column":12}},"loc":{"start":{"line":18,"column":22},"end":{"line":27,"column":5}},"line":18}},"branchMap":{},"s":{"0":0,"1":0,"2":0,"3":0},"f":{"0":0,"1":0,"2":0},"b":{}}
,"C:\\Users\\dylan\\chirp\\auth\\Login.js": {"path":"C:\\Users\\dylan\\chirp\\auth\\Login.js","statementMap":{"0":{"start":{"line":24,"column":28},"end":{"line":24,"column":40}},"1":{"start":{"line":25,"column":34},"end":{"line":25,"column":46}},"2":{"start":{"line":26,"column":38},"end":{"line":26,"column":50}},"3":{"start":{"line":27,"column":44},"end":{"line":27,"column":56}},"4":{"start":{"line":30,"column":4},"end":{"line":50,"column":9}},"5":{"start":{"line":36,"column":8},"end":{"line":36,"column":40}},"6":{"start":{"line":40,"column":8},"end":{"line":40,"column":27}},"7":{"start":{"line":41,"column":8},"end":{"line":49,"column":9}},"8":{"start":{"line":42,"column":10},"end":{"line":42,"column":55}},"9":{"start":{"line":43,"column":13},"end":{"line":49,"column":9}},"10":{"start":{"line":44,"column":10},"end":{"line":44,"column":43}},"11":{"start":{"line":45,"column":13},"end":{"line":49,"column":9}},"12":{"start":{"line":46,"column":10},"end":{"line":46,"column":59}},"13":{"start":{"line":48,"column":10},"end":{"line":48,"column":57}},"14":{"start":{"line":54,"column":4},"end":{"line":54,"column":36}},"15":{"start":{"line":57,"column":2},"end":{"line":88,"column":4}},"16":{"start":{"line":77,"column":23},"end":{"line":77,"column":59}},"17":{"start":{"line":82,"column":23},"end":{"line":82,"column":62}},"18":{"start":{"line":91,"column":15},"end":{"line":138,"column":2}}},"fnMap":{"0":{"name":"Login","decl":{"start":{"line":23,"column":24},"end":{"line":23,"column":29}},"loc":{"start":{"line":23,"column":46},"end":{"line":89,"column":1}},"line":23},"1":{"name":"signInEmailPass","decl":{"start":{"line":29,"column":11},"end":{"line":29,"column":26}},"loc":{"start":{"line":29,"column":29},"end":{"line":51,"column":3}},"line":29},"2":{"name":"(anonymous_2)","decl":{"start":{"line":33,"column":12},"end":{"line":33,"column":13}},"loc":{"start":{"line":33,"column":32},"end":{"line":38,"column":7}},"line":33},"3":{"name":"(anonymous_3)","decl":{"start":{"line":39,"column":13},"end":{"line":39,"column":14}},"loc":{"start":{"line":39,"column":24},"end":{"line":50,"column":7}},"line":39},"4":{"name":"navToRegister","decl":{"start":{"line":53,"column":11},"end":{"line":53,"column":24}},"loc":{"start":{"line":53,"column":27},"end":{"line":55,"column":3}},"line":53},"5":{"name":"(anonymous_5)","decl":{"start":{"line":77,"column":17},"end":{"line":77,"column":18}},"loc":{"start":{"line":77,"column":23},"end":{"line":77,"column":59}},"line":77},"6":{"name":"(anonymous_6)","decl":{"start":{"line":82,"column":17},"end":{"line":82,"column":18}},"loc":{"start":{"line":82,"column":23},"end":{"line":82,"column":62}},"line":82}},"branchMap":{"0":{"loc":{"start":{"line":41,"column":8},"end":{"line":49,"column":9}},"type":"if","locations":[{"start":{"line":41,"column":8},"end":{"line":49,"column":9}},{"start":{"line":43,"column":13},"end":{"line":49,"column":9}}],"line":41},"1":{"loc":{"start":{"line":43,"column":13},"end":{"line":49,"column":9}},"type":"if","locations":[{"start":{"line":43,"column":13},"end":{"line":49,"column":9}},{"start":{"line":45,"column":13},"end":{"line":49,"column":9}}],"line":43},"2":{"loc":{"start":{"line":45,"column":13},"end":{"line":49,"column":9}},"type":"if","locations":[{"start":{"line":45,"column":13},"end":{"line":49,"column":9}},{"start":{"line":47,"column":13},"end":{"line":49,"column":9}}],"line":45}},"s":{"0":0,"1":0,"2":0,"3":0,"4":0,"5":0,"6":0,"7":0,"8":0,"9":0,"10":0,"11":0,"12":0,"13":0,"14":0,"15":0,"16":0,"17":0,"18":0},"f":{"0":0,"1":0,"2":0,"3":0,"4":0,"5":0,"6":0},"b":{"0":[0,0],"1":[0,0],"2":[0,0]}}
,"C:\\Users\\dylan\\chirp\\auth\\MicrosoftSignIn.js": {"path":"C:\\Users\\dylan\\chirp\\auth\\MicrosoftSignIn.js","statementMap":{"0":{"start":{"line":5,"column":17},"end":{"line":5,"column":65}},"1":{"start":{"line":6,"column":2},"end":{"line":10,"column":5}},"2":{"start":{"line":11,"column":2},"end":{"line":29,"column":7}},"3":{"start":{"line":19,"column":23},"end":{"line":19,"column":40}},"4":{"start":{"line":24,"column":6},"end":{"line":24,"column":32}},"5":{"start":{"line":28,"column":6},"end":{"line":28,"column":25}}},"fnMap":{"0":{"name":"MicrosoftSignIn","decl":{"start":{"line":4,"column":24},"end":{"line":4,"column":39}},"loc":{"start":{"line":4,"column":58},"end":{"line":30,"column":1}},"line":4},"1":{"name":"(anonymous_1)","decl":{"start":{"line":14,"column":10},"end":{"line":14,"column":11}},"loc":{"start":{"line":14,"column":22},"end":{"line":25,"column":5}},"line":14},"2":{"name":"(anonymous_2)","decl":{"start":{"line":26,"column":11},"end":{"line":26,"column":12}},"loc":{"start":{"line":26,"column":22},"end":{"line":29,"column":5}},"line":26}},"branchMap":{},"s":{"0":0,"1":0,"2":0,"3":0,"4":0,"5":0},"f":{"0":0,"1":0,"2":0},"b":{}}
,"C:\\Users\\dylan\\chirp\\auth\\Register.js": {"path":"C:\\Users\\dylan\\chirp\\auth\\Register.js","statementMap":{"0":{"start":{"line":16,"column":34},"end":{"line":16,"column":46}},"1":{"start":{"line":17,"column":28},"end":{"line":17,"column":40}},"2":{"start":{"line":18,"column":34},"end":{"line":18,"column":46}},"3":{"start":{"line":19,"column":48},"end":{"line":19,"column":60}},"4":{"start":{"line":20,"column":36},"end":{"line":20,"column":48}},"5":{"start":{"line":21,"column":38},"end":{"line":21,"column":50}},"6":{"start":{"line":22,"column":44},"end":{"line":22,"column":56}},"7":{"start":{"line":25,"column":4},"end":{"line":50,"column":5}},"8":{"start":{"line":26,"column":6},"end":{"line":49,"column":11}},"9":{"start":{"line":30,"column":10},"end":{"line":30,"column":28}},"10":{"start":{"line":34,"column":10},"end":{"line":34,"column":39}},"11":{"start":{"line":38,"column":10},"end":{"line":38,"column":29}},"12":{"start":{"line":39,"column":10},"end":{"line":48,"column":11}},"13":{"start":{"line":41,"column":14},"end":{"line":41,"column":59}},"14":{"start":{"line":42,"column":14},"end":{"line":42,"column":20}},"15":{"start":{"line":44,"column":14},"end":{"line":44,"column":52}},"16":{"start":{"line":45,"column":14},"end":{"line":45,"column":20}},"17":{"start":{"line":47,"column":14},"end":{"line":47,"column":61}},"18":{"start":{"line":54,"column":16},"end":{"line":54,"column":21}},"19":{"start":{"line":55,"column":4},"end":{"line":64,"column":5}},"20":{"start":{"line":56,"column":6},"end":{"line":56,"column":49}},"21":{"start":{"line":57,"column":11},"end":{"line":64,"column":5}},"22":{"start":{"line":58,"column":6},"end":{"line":58,"column":72}},"23":{"start":{"line":59,"column":11},"end":{"line":64,"column":5}},"24":{"start":{"line":60,"column":6},"end":{"line":60,"column":49}},"25":{"start":{"line":62,"column":6},"end":{"line":62,"column":27}},"26":{"start":{"line":63,"column":6},"end":{"line":63,"column":19}},"27":{"start":{"line":65,"column":4},"end":{"line":65,"column":17}},"28":{"start":{"line":69,"column":4},"end":{"line":75,"column":5}},"29":{"start":{"line":70,"column":6},"end":{"line":70,"column":41}},"30":{"start":{"line":71,"column":6},"end":{"line":71,"column":19}},"31":{"start":{"line":73,"column":6},"end":{"line":73,"column":23}},"32":{"start":{"line":74,"column":6},"end":{"line":74,"column":18}},"33":{"start":{"line":79,"column":4},"end":{"line":79,"column":33}},"34":{"start":{"line":82,"column":2},"end":{"line":123,"column":4}},"35":{"start":{"line":112,"column":23},"end":{"line":112,"column":56}},"36":{"start":{"line":126,"column":15},"end":{"line":165,"column":2}}},"fnMap":{"0":{"name":"Register","decl":{"start":{"line":15,"column":24},"end":{"line":15,"column":32}},"loc":{"start":{"line":15,"column":49},"end":{"line":124,"column":1}},"line":15},"1":{"name":"createUserEmailPass","decl":{"start":{"line":24,"column":11},"end":{"line":24,"column":30}},"loc":{"start":{"line":24,"column":33},"end":{"line":51,"column":3}},"line":24},"2":{"name":"(anonymous_2)","decl":{"start":{"line":29,"column":14},"end":{"line":29,"column":15}},"loc":{"start":{"line":29,"column":34},"end":{"line":36,"column":9}},"line":29},"3":{"name":"(anonymous_3)","decl":{"start":{"line":37,"column":15},"end":{"line":37,"column":16}},"loc":{"start":{"line":37,"column":26},"end":{"line":49,"column":9}},"line":37},"4":{"name":"validatePassword","decl":{"start":{"line":53,"column":11},"end":{"line":53,"column":27}},"loc":{"start":{"line":53,"column":30},"end":{"line":66,"column":3}},"line":53},"5":{"name":"validateName","decl":{"start":{"line":68,"column":11},"end":{"line":68,"column":23}},"loc":{"start":{"line":68,"column":26},"end":{"line":76,"column":3}},"line":68},"6":{"name":"navToLogin","decl":{"start":{"line":78,"column":11},"end":{"line":78,"column":21}},"loc":{"start":{"line":78,"column":24},"end":{"line":80,"column":3}},"line":78},"7":{"name":"(anonymous_7)","decl":{"start":{"line":112,"column":17},"end":{"line":112,"column":18}},"loc":{"start":{"line":112,"column":23},"end":{"line":112,"column":56}},"line":112}},"branchMap":{"0":{"loc":{"start":{"line":25,"column":4},"end":{"line":50,"column":5}},"type":"if","locations":[{"start":{"line":25,"column":4},"end":{"line":50,"column":5}},{"start":{},"end":{}}],"line":25},"1":{"loc":{"start":{"line":25,"column":8},"end":{"line":25,"column":44}},"type":"binary-expr","locations":[{"start":{"line":25,"column":8},"end":{"line":25,"column":22}},{"start":{"line":25,"column":26},"end":{"line":25,"column":44}}],"line":25},"2":{"loc":{"start":{"line":39,"column":10},"end":{"line":48,"column":11}},"type":"switch","locations":[{"start":{"line":40,"column":12},"end":{"line":42,"column":20}},{"start":{"line":43,"column":12},"end":{"line":45,"column":20}},{"start":{"line":46,"column":12},"end":{"line":47,"column":61}}],"line":39},"3":{"loc":{"start":{"line":55,"column":4},"end":{"line":64,"column":5}},"type":"if","locations":[{"start":{"line":55,"column":4},"end":{"line":64,"column":5}},{"start":{"line":57,"column":11},"end":{"line":64,"column":5}}],"line":55},"4":{"loc":{"start":{"line":57,"column":11},"end":{"line":64,"column":5}},"type":"if","locations":[{"start":{"line":57,"column":11},"end":{"line":64,"column":5}},{"start":{"line":59,"column":11},"end":{"line":64,"column":5}}],"line":57},"5":{"loc":{"start":{"line":57,"column":17},"end":{"line":57,"column":65}},"type":"binary-expr","locations":[{"start":{"line":57,"column":17},"end":{"line":57,"column":39}},{"start":{"line":57,"column":43},"end":{"line":57,"column":65}}],"line":57},"6":{"loc":{"start":{"line":59,"column":11},"end":{"line":64,"column":5}},"type":"if","locations":[{"start":{"line":59,"column":11},"end":{"line":64,"column":5}},{"start":{"line":61,"column":11},"end":{"line":64,"column":5}}],"line":59},"7":{"loc":{"start":{"line":69,"column":4},"end":{"line":75,"column":5}},"type":"if","locations":[{"start":{"line":69,"column":4},"end":{"line":75,"column":5}},{"start":{"line":72,"column":11},"end":{"line":75,"column":5}}],"line":69}},"s":{"0":0,"1":0,"2":0,"3":0,"4":0,"5":0,"6":0,"7":0,"8":0,"9":0,"10":0,"11":0,"12":0,"13":0,"14":0,"15":0,"16":0,"17":0,"18":0,"19":0,"20":0,"21":0,"22":0,"23":0,"24":0,"25":0,"26":0,"27":0,"28":0,"29":0,"30":0,"31":0,"32":0,"33":0,"34":0,"35":0,"36":0},"f":{"0":0,"1":0,"2":0,"3":0,"4":0,"5":0,"6":0,"7":0},"b":{"0":[0,0],"1":[0,0],"2":[0,0,0],"3":[0,0],"4":[0,0],"5":[0,0],"6":[0,0],"7":[0,0]}}
,"C:\\Users\\dylan\\chirp\\components\\AuthAlert.js": {"path":"C:\\Users\\dylan\\chirp\\components\\AuthAlert.js","statementMap":{"0":{"start":{"line":9,"column":4},"end":{"line":9,"column":23}},"1":{"start":{"line":12,"column":2},"end":{"line":16,"column":4}},"2":{"start":{"line":13,"column":52},"end":{"line":13,"column":55}},"3":{"start":{"line":19,"column":15},"end":{"line":28,"column":2}}},"fnMap":{"0":{"name":"AuthAlert","decl":{"start":{"line":7,"column":24},"end":{"line":7,"column":33}},"loc":{"start":{"line":7,"column":41},"end":{"line":17,"column":1}},"line":7},"1":{"name":"bla","decl":{"start":{"line":8,"column":11},"end":{"line":8,"column":14}},"loc":{"start":{"line":8,"column":22},"end":{"line":10,"column":3}},"line":8},"2":{"name":"(anonymous_2)","decl":{"start":{"line":13,"column":41},"end":{"line":13,"column":42}},"loc":{"start":{"line":13,"column":52},"end":{"line":13,"column":55}},"line":13}},"branchMap":{"0":{"loc":{"start":{"line":14,"column":7},"end":{"line":14,"column":36}},"type":"cond-expr","locations":[{"start":{"line":14,"column":20},"end":{"line":14,"column":30}},{"start":{"line":14,"column":33},"end":{"line":14,"column":36}}],"line":14}},"s":{"0":0,"1":0,"2":0,"3":0},"f":{"0":0,"1":0,"2":0},"b":{"0":[0,0]}}
,"C:\\Users\\dylan\\chirp\\components\\AuthProviderButton.js": {"path":"C:\\Users\\dylan\\chirp\\components\\AuthProviderButton.js","statementMap":{"0":{"start":{"line":8,"column":2},"end":{"line":16,"column":4}},"1":{"start":{"line":19,"column":15},"end":{"line":44,"column":2}}},"fnMap":{"0":{"name":"AuthProviderButton","decl":{"start":{"line":7,"column":24},"end":{"line":7,"column":42}},"loc":{"start":{"line":7,"column":50},"end":{"line":17,"column":1}},"line":7}},"branchMap":{"0":{"loc":{"start":{"line":12,"column":16},"end":{"line":12,"column":67}},"type":"cond-expr","locations":[{"start":{"line":12,"column":41},"end":{"line":12,"column":51}},{"start":{"line":12,"column":54},"end":{"line":12,"column":67}}],"line":12},"1":{"loc":{"start":{"line":14,"column":39},"end":{"line":14,"column":69}},"type":"cond-expr","locations":[{"start":{"line":14,"column":52},"end":{"line":14,"column":62}},{"start":{"line":14,"column":65},"end":{"line":14,"column":69}}],"line":14}},"s":{"0":0,"1":0},"f":{"0":0},"b":{"0":[0,0],"1":[0,0]}}
,"C:\\Users\\dylan\\chirp\\components\\AuthTextBox.js": {"path":"C:\\Users\\dylan\\chirp\\components\\AuthTextBox.js","statementMap":{"0":{"start":{"line":7,"column":2},"end":{"line":16,"column":4}},"1":{"start":{"line":19,"column":15},"end":{"line":31,"column":2}}},"fnMap":{"0":{"name":"AuthTextBox","decl":{"start":{"line":6,"column":24},"end":{"line":6,"column":35}},"loc":{"start":{"line":6,"column":43},"end":{"line":17,"column":1}},"line":6}},"branchMap":{},"s":{"0":0,"1":0},"f":{"0":0},"b":{}}
,"C:\\Users\\dylan\\chirp\\components\\ChirpButton.js": {"path":"C:\\Users\\dylan\\chirp\\components\\ChirpButton.js","statementMap":{"0":{"start":{"line":7,"column":2},"end":{"line":11,"column":4}},"1":{"start":{"line":14,"column":15},"end":{"line":28,"column":2}}},"fnMap":{"0":{"name":"ChirpButton","decl":{"start":{"line":6,"column":24},"end":{"line":6,"column":35}},"loc":{"start":{"line":6,"column":43},"end":{"line":12,"column":1}},"line":6}},"branchMap":{"0":{"loc":{"start":{"line":9,"column":39},"end":{"line":9,"column":69}},"type":"cond-expr","locations":[{"start":{"line":9,"column":52},"end":{"line":9,"column":62}},{"start":{"line":9,"column":65},"end":{"line":9,"column":69}}],"line":9}},"s":{"0":0,"1":0},"f":{"0":0},"b":{"0":[0,0]}}
,"C:\\Users\\dylan\\chirp\\config\\FirebaseConfig.js": {"path":"C:\\Users\\dylan\\chirp\\config\\FirebaseConfig.js","statementMap":{"0":{"start":{"line":2,"column":23},"end":{"line":12,"column":1}}},"fnMap":{},"branchMap":{},"s":{"0":0},"f":{},"b":{}}
}
