{"C:\\Users\\dylan\\chirp\\App.js": {"path":"C:\\Users\\dylan\\chirp\\App.js","statementMap":{"0":{"start":{"line":15,"column":0},"end":{"line":15,"column":39}},"1":{"start":{"line":17,"column":13},"end":{"line":17,"column":28}},"2":{"start":{"line":20,"column":26},"end":{"line":20,"column":44}},"3":{"start":{"line":22,"column":2},"end":{"line":22,"column":20}},"4":{"start":{"line":24,"column":2},"end":{"line":26,"column":3}},"5":{"start":{"line":25,"column":4},"end":{"line":25,"column":29}},"6":{"start":{"line":28,"column":2},"end":{"line":32,"column":4}},"7":{"start":{"line":35,"column":15},"end":{"line":40,"column":2}}},"fnMap":{"0":{"name":"App","decl":{"start":{"line":19,"column":24},"end":{"line":19,"column":27}},"loc":{"start":{"line":19,"column":30},"end":{"line":33,"column":1}},"line":19}},"branchMap":{"0":{"loc":{"start":{"line":24,"column":2},"end":{"line":26,"column":3}},"type":"if","locations":[{"start":{"line":24,"column":2},"end":{"line":26,"column":3}},{"start":{},"end":{}}],"line":24},"1":{"loc":{"start":{"line":30,"column":7},"end":{"line":30,"column":50}},"type":"cond-expr","locations":[{"start":{"line":30,"column":14},"end":{"line":30,"column":30}},{"start":{"line":30,"column":33},"end":{"line":30,"column":50}}],"line":30}},"s":{"0":0,"1":0,"2":0,"3":0,"4":0,"5":0,"6":0,"7":0},"f":{"0":0},"b":{"0":[0,0],"1":[0,0]}}
,"C:\\Users\\dylan\\chirp\\AppContainer.js": {"path":"C:\\Users\\dylan\\chirp\\AppContainer.js","statementMap":{"0":{"start":{"line":11,"column":20},"end":{"line":11,"column":50}},"1":{"start":{"line":13,"column":27},"end":{"line":43,"column":1}},"2":{"start":{"line":45,"column":21},"end":{"line":45,"column":59}}},"fnMap":{},"branchMap":{},"s":{"0":0,"1":0,"2":0},"f":{},"b":{}}
,"C:\\Users\\dylan\\chirp\\LoadingScreen.js": {"path":"C:\\Users\\dylan\\chirp\\LoadingScreen.js","statementMap":{"0":{"start":{"line":7,"column":2},"end":{"line":7,"column":55}},"1":{"start":{"line":10,"column":15},"end":{"line":15,"column":2}}},"fnMap":{"0":{"name":"LoadingScreen","decl":{"start":{"line":6,"column":24},"end":{"line":6,"column":37}},"loc":{"start":{"line":6,"column":40},"end":{"line":8,"column":1}},"line":6}},"branchMap":{},"s":{"0":0,"1":0},"f":{"0":0},"b":{}}
,"C:\\Users\\dylan\\chirp\\assets\\Theme.js": {"path":"C:\\Users\\dylan\\chirp\\assets\\Theme.js","statementMap":{"0":{"start":{"line":1,"column":14},"end":{"line":24,"column":1}}},"fnMap":{},"branchMap":{},"s":{"0":0},"f":{},"b":{}}
,"C:\\Users\\dylan\\chirp\\auth\\AuthContainer.js": {"path":"C:\\Users\\dylan\\chirp\\auth\\AuthContainer.js","statementMap":{"0":{"start":{"line":10,"column":14},"end":{"line":10,"column":42}},"1":{"start":{"line":13,"column":2},"end":{"line":28,"column":4}},"2":{"start":{"line":31,"column":15},"end":{"line":38,"column":2}}},"fnMap":{"0":{"name":"AuthContainer","decl":{"start":{"line":12,"column":24},"end":{"line":12,"column":37}},"loc":{"start":{"line":12,"column":48},"end":{"line":29,"column":1}},"line":12}},"branchMap":{},"s":{"0":0,"1":0,"2":0},"f":{"0":0},"b":{}}
,"C:\\Users\\dylan\\chirp\\auth\\GoogleSignIn.js": {"path":"C:\\Users\\dylan\\chirp\\auth\\GoogleSignIn.js","statementMap":{"0":{"start":{"line":5,"column":17},"end":{"line":5,"column":55}},"1":{"start":{"line":6,"column":2},"end":{"line":28,"column":7}},"2":{"start":{"line":17,"column":6},"end":{"line":17,"column":32}},"3":{"start":{"line":20,"column":6},"end":{"line":20,"column":25}}},"fnMap":{"0":{"name":"GoogleSignIn","decl":{"start":{"line":4,"column":24},"end":{"line":4,"column":36}},"loc":{"start":{"line":4,"column":55},"end":{"line":29,"column":1}},"line":4},"1":{"name":"(anonymous_1)","decl":{"start":{"line":9,"column":10},"end":{"line":9,"column":11}},"loc":{"start":{"line":9,"column":22},"end":{"line":18,"column":5}},"line":9},"2":{"name":"(anonymous_2)","decl":{"start":{"line":19,"column":11},"end":{"line":19,"column":12}},"loc":{"start":{"line":19,"column":22},"end":{"line":28,"column":5}},"line":19}},"branchMap":{},"s":{"0":0,"1":0,"2":0,"3":0},"f":{"0":0,"1":0,"2":0},"b":{}}
,"C:\\Users\\dylan\\chirp\\auth\\Login.js": {"path":"C:\\Users\\dylan\\chirp\\auth\\Login.js","statementMap":{"0":{"start":{"line":24,"column":28},"end":{"line":24,"column":40}},"1":{"start":{"line":25,"column":34},"end":{"line":25,"column":46}},"2":{"start":{"line":26,"column":38},"end":{"line":26,"column":50}},"3":{"start":{"line":27,"column":44},"end":{"line":27,"column":56}},"4":{"start":{"line":29,"column":15},"end":{"line":29,"column":28}},"5":{"start":{"line":32,"column":4},"end":{"line":52,"column":9}},"6":{"start":{"line":38,"column":8},"end":{"line":38,"column":43}},"7":{"start":{"line":42,"column":8},"end":{"line":42,"column":27}},"8":{"start":{"line":43,"column":8},"end":{"line":51,"column":9}},"9":{"start":{"line":44,"column":10},"end":{"line":44,"column":55}},"10":{"start":{"line":45,"column":13},"end":{"line":51,"column":9}},"11":{"start":{"line":46,"column":10},"end":{"line":46,"column":43}},"12":{"start":{"line":47,"column":13},"end":{"line":51,"column":9}},"13":{"start":{"line":48,"column":10},"end":{"line":48,"column":59}},"14":{"start":{"line":50,"column":10},"end":{"line":50,"column":57}},"15":{"start":{"line":56,"column":4},"end":{"line":56,"column":36}},"16":{"start":{"line":59,"column":2},"end":{"line":90,"column":4}},"17":{"start":{"line":79,"column":23},"end":{"line":79,"column":53}},"18":{"start":{"line":84,"column":23},"end":{"line":84,"column":56}},"19":{"start":{"line":93,"column":15},"end":{"line":140,"column":2}}},"fnMap":{"0":{"name":"Login","decl":{"start":{"line":23,"column":24},"end":{"line":23,"column":29}},"loc":{"start":{"line":23,"column":46},"end":{"line":91,"column":1}},"line":23},"1":{"name":"signInEmailPass","decl":{"start":{"line":31,"column":11},"end":{"line":31,"column":26}},"loc":{"start":{"line":31,"column":29},"end":{"line":53,"column":3}},"line":31},"2":{"name":"(anonymous_2)","decl":{"start":{"line":35,"column":12},"end":{"line":35,"column":13}},"loc":{"start":{"line":35,"column":32},"end":{"line":40,"column":7}},"line":35},"3":{"name":"(anonymous_3)","decl":{"start":{"line":41,"column":13},"end":{"line":41,"column":14}},"loc":{"start":{"line":41,"column":24},"end":{"line":52,"column":7}},"line":41},"4":{"name":"navToRegister","decl":{"start":{"line":55,"column":11},"end":{"line":55,"column":24}},"loc":{"start":{"line":55,"column":27},"end":{"line":57,"column":3}},"line":55},"5":{"name":"(anonymous_5)","decl":{"start":{"line":79,"column":17},"end":{"line":79,"column":18}},"loc":{"start":{"line":79,"column":23},"end":{"line":79,"column":53}},"line":79},"6":{"name":"(anonymous_6)","decl":{"start":{"line":84,"column":17},"end":{"line":84,"column":18}},"loc":{"start":{"line":84,"column":23},"end":{"line":84,"column":56}},"line":84}},"branchMap":{"0":{"loc":{"start":{"line":43,"column":8},"end":{"line":51,"column":9}},"type":"if","locations":[{"start":{"line":43,"column":8},"end":{"line":51,"column":9}},{"start":{"line":45,"column":13},"end":{"line":51,"column":9}}],"line":43},"1":{"loc":{"start":{"line":45,"column":13},"end":{"line":51,"column":9}},"type":"if","locations":[{"start":{"line":45,"column":13},"end":{"line":51,"column":9}},{"start":{"line":47,"column":13},"end":{"line":51,"column":9}}],"line":45},"2":{"loc":{"start":{"line":47,"column":13},"end":{"line":51,"column":9}},"type":"if","locations":[{"start":{"line":47,"column":13},"end":{"line":51,"column":9}},{"start":{"line":49,"column":13},"end":{"line":51,"column":9}}],"line":47}},"s":{"0":0,"1":0,"2":0,"3":0,"4":0,"5":0,"6":0,"7":0,"8":0,"9":0,"10":0,"11":0,"12":0,"13":0,"14":0,"15":0,"16":0,"17":0,"18":0,"19":0},"f":{"0":0,"1":0,"2":0,"3":0,"4":0,"5":0,"6":0},"b":{"0":[0,0],"1":[0,0],"2":[0,0]}}
,"C:\\Users\\dylan\\chirp\\auth\\MicrosoftSignIn.js": {"path":"C:\\Users\\dylan\\chirp\\auth\\MicrosoftSignIn.js","statementMap":{"0":{"start":{"line":5,"column":17},"end":{"line":5,"column":65}},"1":{"start":{"line":6,"column":2},"end":{"line":10,"column":5}},"2":{"start":{"line":11,"column":2},"end":{"line":29,"column":7}},"3":{"start":{"line":19,"column":23},"end":{"line":19,"column":40}},"4":{"start":{"line":24,"column":6},"end":{"line":24,"column":32}},"5":{"start":{"line":28,"column":6},"end":{"line":28,"column":25}}},"fnMap":{"0":{"name":"MicrosoftSignIn","decl":{"start":{"line":4,"column":24},"end":{"line":4,"column":39}},"loc":{"start":{"line":4,"column":58},"end":{"line":30,"column":1}},"line":4},"1":{"name":"(anonymous_1)","decl":{"start":{"line":14,"column":10},"end":{"line":14,"column":11}},"loc":{"start":{"line":14,"column":22},"end":{"line":25,"column":5}},"line":14},"2":{"name":"(anonymous_2)","decl":{"start":{"line":26,"column":11},"end":{"line":26,"column":12}},"loc":{"start":{"line":26,"column":22},"end":{"line":29,"column":5}},"line":26}},"branchMap":{},"s":{"0":0,"1":0,"2":0,"3":0,"4":0,"5":0},"f":{"0":0,"1":0,"2":0},"b":{}}
,"C:\\Users\\dylan\\chirp\\auth\\Register.js": {"path":"C:\\Users\\dylan\\chirp\\auth\\Register.js","statementMap":{"0":{"start":{"line":22,"column":34},"end":{"line":22,"column":46}},"1":{"start":{"line":23,"column":28},"end":{"line":23,"column":40}},"2":{"start":{"line":24,"column":34},"end":{"line":24,"column":46}},"3":{"start":{"line":25,"column":48},"end":{"line":25,"column":60}},"4":{"start":{"line":26,"column":36},"end":{"line":26,"column":48}},"5":{"start":{"line":27,"column":38},"end":{"line":27,"column":50}},"6":{"start":{"line":28,"column":44},"end":{"line":28,"column":56}},"7":{"start":{"line":30,"column":15},"end":{"line":30,"column":28}},"8":{"start":{"line":33,"column":4},"end":{"line":58,"column":5}},"9":{"start":{"line":34,"column":6},"end":{"line":57,"column":11}},"10":{"start":{"line":38,"column":10},"end":{"line":38,"column":28}},"11":{"start":{"line":42,"column":10},"end":{"line":42,"column":36}},"12":{"start":{"line":46,"column":10},"end":{"line":46,"column":29}},"13":{"start":{"line":47,"column":10},"end":{"line":56,"column":11}},"14":{"start":{"line":49,"column":14},"end":{"line":49,"column":59}},"15":{"start":{"line":50,"column":14},"end":{"line":50,"column":20}},"16":{"start":{"line":52,"column":14},"end":{"line":52,"column":52}},"17":{"start":{"line":53,"column":14},"end":{"line":53,"column":20}},"18":{"start":{"line":55,"column":14},"end":{"line":55,"column":61}},"19":{"start":{"line":62,"column":16},"end":{"line":62,"column":21}},"20":{"start":{"line":63,"column":4},"end":{"line":72,"column":5}},"21":{"start":{"line":64,"column":6},"end":{"line":64,"column":49}},"22":{"start":{"line":65,"column":11},"end":{"line":72,"column":5}},"23":{"start":{"line":66,"column":6},"end":{"line":66,"column":72}},"24":{"start":{"line":67,"column":11},"end":{"line":72,"column":5}},"25":{"start":{"line":68,"column":6},"end":{"line":68,"column":49}},"26":{"start":{"line":70,"column":6},"end":{"line":70,"column":27}},"27":{"start":{"line":71,"column":6},"end":{"line":71,"column":19}},"28":{"start":{"line":73,"column":4},"end":{"line":73,"column":17}},"29":{"start":{"line":77,"column":4},"end":{"line":83,"column":5}},"30":{"start":{"line":78,"column":6},"end":{"line":78,"column":41}},"31":{"start":{"line":79,"column":6},"end":{"line":79,"column":19}},"32":{"start":{"line":81,"column":6},"end":{"line":81,"column":23}},"33":{"start":{"line":82,"column":6},"end":{"line":82,"column":18}},"34":{"start":{"line":87,"column":4},"end":{"line":87,"column":33}},"35":{"start":{"line":90,"column":2},"end":{"line":132,"column":4}},"36":{"start":{"line":121,"column":23},"end":{"line":121,"column":53}},"37":{"start":{"line":126,"column":23},"end":{"line":126,"column":53}},"38":{"start":{"line":135,"column":15},"end":{"line":175,"column":2}}},"fnMap":{"0":{"name":"Register","decl":{"start":{"line":21,"column":24},"end":{"line":21,"column":32}},"loc":{"start":{"line":21,"column":49},"end":{"line":133,"column":1}},"line":21},"1":{"name":"createUserEmailPass","decl":{"start":{"line":32,"column":11},"end":{"line":32,"column":30}},"loc":{"start":{"line":32,"column":33},"end":{"line":59,"column":3}},"line":32},"2":{"name":"(anonymous_2)","decl":{"start":{"line":37,"column":14},"end":{"line":37,"column":15}},"loc":{"start":{"line":37,"column":34},"end":{"line":44,"column":9}},"line":37},"3":{"name":"(anonymous_3)","decl":{"start":{"line":45,"column":15},"end":{"line":45,"column":16}},"loc":{"start":{"line":45,"column":26},"end":{"line":57,"column":9}},"line":45},"4":{"name":"validatePassword","decl":{"start":{"line":61,"column":11},"end":{"line":61,"column":27}},"loc":{"start":{"line":61,"column":30},"end":{"line":74,"column":3}},"line":61},"5":{"name":"validateName","decl":{"start":{"line":76,"column":11},"end":{"line":76,"column":23}},"loc":{"start":{"line":76,"column":26},"end":{"line":84,"column":3}},"line":76},"6":{"name":"navToLogin","decl":{"start":{"line":86,"column":11},"end":{"line":86,"column":21}},"loc":{"start":{"line":86,"column":24},"end":{"line":88,"column":3}},"line":86},"7":{"name":"(anonymous_7)","decl":{"start":{"line":121,"column":17},"end":{"line":121,"column":18}},"loc":{"start":{"line":121,"column":23},"end":{"line":121,"column":53}},"line":121},"8":{"name":"(anonymous_8)","decl":{"start":{"line":126,"column":17},"end":{"line":126,"column":18}},"loc":{"start":{"line":126,"column":23},"end":{"line":126,"column":53}},"line":126}},"branchMap":{"0":{"loc":{"start":{"line":33,"column":4},"end":{"line":58,"column":5}},"type":"if","locations":[{"start":{"line":33,"column":4},"end":{"line":58,"column":5}},{"start":{},"end":{}}],"line":33},"1":{"loc":{"start":{"line":33,"column":8},"end":{"line":33,"column":44}},"type":"binary-expr","locations":[{"start":{"line":33,"column":8},"end":{"line":33,"column":22}},{"start":{"line":33,"column":26},"end":{"line":33,"column":44}}],"line":33},"2":{"loc":{"start":{"line":47,"column":10},"end":{"line":56,"column":11}},"type":"switch","locations":[{"start":{"line":48,"column":12},"end":{"line":50,"column":20}},{"start":{"line":51,"column":12},"end":{"line":53,"column":20}},{"start":{"line":54,"column":12},"end":{"line":55,"column":61}}],"line":47},"3":{"loc":{"start":{"line":63,"column":4},"end":{"line":72,"column":5}},"type":"if","locations":[{"start":{"line":63,"column":4},"end":{"line":72,"column":5}},{"start":{"line":65,"column":11},"end":{"line":72,"column":5}}],"line":63},"4":{"loc":{"start":{"line":65,"column":11},"end":{"line":72,"column":5}},"type":"if","locations":[{"start":{"line":65,"column":11},"end":{"line":72,"column":5}},{"start":{"line":67,"column":11},"end":{"line":72,"column":5}}],"line":65},"5":{"loc":{"start":{"line":65,"column":17},"end":{"line":65,"column":65}},"type":"binary-expr","locations":[{"start":{"line":65,"column":17},"end":{"line":65,"column":39}},{"start":{"line":65,"column":43},"end":{"line":65,"column":65}}],"line":65},"6":{"loc":{"start":{"line":67,"column":11},"end":{"line":72,"column":5}},"type":"if","locations":[{"start":{"line":67,"column":11},"end":{"line":72,"column":5}},{"start":{"line":69,"column":11},"end":{"line":72,"column":5}}],"line":67},"7":{"loc":{"start":{"line":77,"column":4},"end":{"line":83,"column":5}},"type":"if","locations":[{"start":{"line":77,"column":4},"end":{"line":83,"column":5}},{"start":{"line":80,"column":11},"end":{"line":83,"column":5}}],"line":77}},"s":{"0":0,"1":0,"2":0,"3":0,"4":0,"5":0,"6":0,"7":0,"8":0,"9":0,"10":0,"11":0,"12":0,"13":0,"14":0,"15":0,"16":0,"17":0,"18":0,"19":0,"20":0,"21":0,"22":0,"23":0,"24":0,"25":0,"26":0,"27":0,"28":0,"29":0,"30":0,"31":0,"32":0,"33":0,"34":0,"35":0,"36":0,"37":0,"38":0},"f":{"0":0,"1":0,"2":0,"3":0,"4":0,"5":0,"6":0,"7":0,"8":0},"b":{"0":[0,0],"1":[0,0],"2":[0,0,0],"3":[0,0],"4":[0,0],"5":[0,0],"6":[0,0],"7":[0,0]}}
,"C:\\Users\\dylan\\chirp\\chat\\ChirpGroups.js": {"path":"C:\\Users\\dylan\\chirp\\chat\\ChirpGroups.js","statementMap":{"0":{"start":{"line":12,"column":2},"end":{"line":17,"column":4}},"1":{"start":{"line":20,"column":15},"end":{"line":28,"column":2}}},"fnMap":{"0":{"name":"ChirpGroups","decl":{"start":{"line":11,"column":24},"end":{"line":11,"column":35}},"loc":{"start":{"line":11,"column":38},"end":{"line":18,"column":1}},"line":11}},"branchMap":{},"s":{"0":0,"1":0},"f":{"0":0},"b":{}}
,"C:\\Users\\dylan\\chirp\\chat\\ChirpPreview.js": {"path":"C:\\Users\\dylan\\chirp\\chat\\ChirpPreview.js","statementMap":{"0":{"start":{"line":12,"column":2},"end":{"line":25,"column":4}},"1":{"start":{"line":28,"column":15},"end":{"line":62,"column":2}}},"fnMap":{"0":{"name":"ChirpPreview","decl":{"start":{"line":6,"column":24},"end":{"line":6,"column":36}},"loc":{"start":{"line":11,"column":3},"end":{"line":26,"column":1}},"line":11}},"branchMap":{},"s":{"0":0,"1":0},"f":{"0":0},"b":{}}
,"C:\\Users\\dylan\\chirp\\components\\AuthAlert.js": {"path":"C:\\Users\\dylan\\chirp\\components\\AuthAlert.js","statementMap":{"0":{"start":{"line":8,"column":4},"end":{"line":8,"column":23}},"1":{"start":{"line":11,"column":2},"end":{"line":15,"column":4}},"2":{"start":{"line":12,"column":52},"end":{"line":12,"column":55}},"3":{"start":{"line":18,"column":15},"end":{"line":27,"column":2}}},"fnMap":{"0":{"name":"AuthAlert","decl":{"start":{"line":6,"column":24},"end":{"line":6,"column":33}},"loc":{"start":{"line":6,"column":41},"end":{"line":16,"column":1}},"line":6},"1":{"name":"bla","decl":{"start":{"line":7,"column":11},"end":{"line":7,"column":14}},"loc":{"start":{"line":7,"column":22},"end":{"line":9,"column":3}},"line":7},"2":{"name":"(anonymous_2)","decl":{"start":{"line":12,"column":41},"end":{"line":12,"column":42}},"loc":{"start":{"line":12,"column":52},"end":{"line":12,"column":55}},"line":12}},"branchMap":{"0":{"loc":{"start":{"line":13,"column":7},"end":{"line":13,"column":36}},"type":"cond-expr","locations":[{"start":{"line":13,"column":20},"end":{"line":13,"column":30}},{"start":{"line":13,"column":33},"end":{"line":13,"column":36}}],"line":13}},"s":{"0":0,"1":0,"2":0,"3":0},"f":{"0":0,"1":0,"2":0},"b":{"0":[0,0]}}
,"C:\\Users\\dylan\\chirp\\components\\AuthProviderButton.js": {"path":"C:\\Users\\dylan\\chirp\\components\\AuthProviderButton.js","statementMap":{"0":{"start":{"line":8,"column":2},"end":{"line":16,"column":4}},"1":{"start":{"line":19,"column":15},"end":{"line":44,"column":2}}},"fnMap":{"0":{"name":"AuthProviderButton","decl":{"start":{"line":7,"column":24},"end":{"line":7,"column":42}},"loc":{"start":{"line":7,"column":50},"end":{"line":17,"column":1}},"line":7}},"branchMap":{"0":{"loc":{"start":{"line":12,"column":16},"end":{"line":12,"column":67}},"type":"cond-expr","locations":[{"start":{"line":12,"column":41},"end":{"line":12,"column":51}},{"start":{"line":12,"column":54},"end":{"line":12,"column":67}}],"line":12},"1":{"loc":{"start":{"line":14,"column":39},"end":{"line":14,"column":69}},"type":"cond-expr","locations":[{"start":{"line":14,"column":52},"end":{"line":14,"column":62}},{"start":{"line":14,"column":65},"end":{"line":14,"column":69}}],"line":14}},"s":{"0":0,"1":0},"f":{"0":0},"b":{"0":[0,0],"1":[0,0]}}
,"C:\\Users\\dylan\\chirp\\components\\AuthTextBox.js": {"path":"C:\\Users\\dylan\\chirp\\components\\AuthTextBox.js","statementMap":{"0":{"start":{"line":7,"column":2},"end":{"line":16,"column":4}},"1":{"start":{"line":19,"column":15},"end":{"line":31,"column":2}}},"fnMap":{"0":{"name":"AuthTextBox","decl":{"start":{"line":6,"column":24},"end":{"line":6,"column":35}},"loc":{"start":{"line":6,"column":43},"end":{"line":17,"column":1}},"line":6}},"branchMap":{},"s":{"0":0,"1":0},"f":{"0":0},"b":{}}
,"C:\\Users\\dylan\\chirp\\components\\ChirpButton.js": {"path":"C:\\Users\\dylan\\chirp\\components\\ChirpButton.js","statementMap":{"0":{"start":{"line":7,"column":2},"end":{"line":11,"column":4}},"1":{"start":{"line":14,"column":15},"end":{"line":28,"column":2}}},"fnMap":{"0":{"name":"ChirpButton","decl":{"start":{"line":6,"column":24},"end":{"line":6,"column":35}},"loc":{"start":{"line":6,"column":43},"end":{"line":12,"column":1}},"line":6}},"branchMap":{"0":{"loc":{"start":{"line":9,"column":39},"end":{"line":9,"column":69}},"type":"cond-expr","locations":[{"start":{"line":9,"column":52},"end":{"line":9,"column":62}},{"start":{"line":9,"column":65},"end":{"line":9,"column":69}}],"line":9}},"s":{"0":0,"1":0},"f":{"0":0},"b":{"0":[0,0]}}
,"C:\\Users\\dylan\\chirp\\components\\SearchBar.js": {"path":"C:\\Users\\dylan\\chirp\\components\\SearchBar.js","statementMap":{"0":{"start":{"line":9,"column":2},"end":{"line":14,"column":4}},"1":{"start":{"line":17,"column":15},"end":{"line":37,"column":2}}},"fnMap":{"0":{"name":"SearchBar","decl":{"start":{"line":8,"column":24},"end":{"line":8,"column":33}},"loc":{"start":{"line":8,"column":36},"end":{"line":15,"column":1}},"line":8}},"branchMap":{},"s":{"0":0,"1":0},"f":{"0":0},"b":{}}
,"C:\\Users\\dylan\\chirp\\config\\FirebaseConfig.js": {"path":"C:\\Users\\dylan\\chirp\\config\\FirebaseConfig.js","statementMap":{"0":{"start":{"line":1,"column":23},"end":{"line":11,"column":1}}},"fnMap":{},"branchMap":{},"s":{"0":0},"f":{},"b":{}}
}
