TN:
SF:App.js
FN:19,App
FNF:1
FNH:0
FNDA:0,App
DA:15,0
DA:17,0
DA:20,0
DA:22,0
DA:24,0
DA:25,0
DA:28,0
DA:35,0
LF:8
LH:0
BRDA:24,0,0,0
BRDA:24,0,1,0
BRDA:30,1,0,0
BRDA:30,1,1,0
BRF:4
BRH:0
end_of_record
TN:
SF:AppContainer.js
FNF:0
FNH:0
DA:11,0
DA:13,0
DA:45,0
LF:3
LH:0
BRF:0
BRH:0
end_of_record
TN:
SF:LoadingScreen.js
FN:6,LoadingScreen
FNF:1
FNH:0
FNDA:0,LoadingScreen
DA:7,0
DA:10,0
LF:2
LH:0
BRF:0
BRH:0
end_of_record
TN:
SF:assets\Theme.js
FNF:0
FNH:0
DA:1,0
LF:1
LH:0
BRF:0
BRH:0
end_of_record
TN:
SF:auth\AuthContainer.js
FN:12,AuthContainer
FNF:1
FNH:0
FNDA:0,AuthContainer
DA:10,0
DA:13,0
DA:31,0
LF:3
LH:0
BRF:0
BRH:0
end_of_record
TN:
SF:auth\GoogleSignIn.js
FN:4,GoogleSignIn
FN:9,(anonymous_1)
FN:19,(anonymous_2)
FNF:3
FNH:0
FNDA:0,GoogleSignIn
FNDA:0,(anonymous_1)
FNDA:0,(anonymous_2)
DA:5,0
DA:6,0
DA:17,0
DA:20,0
LF:4
LH:0
BRF:0
BRH:0
end_of_record
TN:
SF:auth\Login.js
FN:23,Login
FN:31,signInEmailPass
FN:35,(anonymous_2)
FN:41,(anonymous_3)
FN:55,navToRegister
FN:79,(anonymous_5)
FN:84,(anonymous_6)
FNF:7
FNH:0
FNDA:0,Login
FNDA:0,signInEmailPass
FNDA:0,(anonymous_2)
FNDA:0,(anonymous_3)
FNDA:0,navToRegister
FNDA:0,(anonymous_5)
FNDA:0,(anonymous_6)
DA:24,0
DA:25,0
DA:26,0
DA:27,0
DA:29,0
DA:32,0
DA:38,0
DA:42,0
DA:43,0
DA:44,0
DA:45,0
DA:46,0
DA:47,0
DA:48,0
DA:50,0
DA:56,0
DA:59,0
DA:79,0
DA:84,0
DA:93,0
LF:20
LH:0
BRDA:43,0,0,0
BRDA:43,0,1,0
BRDA:45,1,0,0
BRDA:45,1,1,0
BRDA:47,2,0,0
BRDA:47,2,1,0
BRF:6
BRH:0
end_of_record
TN:
SF:auth\MicrosoftSignIn.js
FN:4,MicrosoftSignIn
FN:14,(anonymous_1)
FN:26,(anonymous_2)
FNF:3
FNH:0
FNDA:0,MicrosoftSignIn
FNDA:0,(anonymous_1)
FNDA:0,(anonymous_2)
DA:5,0
DA:6,0
DA:11,0
DA:19,0
DA:24,0
DA:28,0
LF:6
LH:0
BRF:0
BRH:0
end_of_record
TN:
SF:auth\Register.js
FN:21,Register
FN:32,createUserEmailPass
FN:37,(anonymous_2)
FN:45,(anonymous_3)
FN:61,validatePassword
FN:76,validateName
FN:86,navToLogin
FN:121,(anonymous_7)
FN:126,(anonymous_8)
FNF:9
FNH:0
FNDA:0,Register
FNDA:0,createUserEmailPass
FNDA:0,(anonymous_2)
FNDA:0,(anonymous_3)
FNDA:0,validatePassword
FNDA:0,validateName
FNDA:0,navToLogin
FNDA:0,(anonymous_7)
FNDA:0,(anonymous_8)
DA:22,0
DA:23,0
DA:24,0
DA:25,0
DA:26,0
DA:27,0
DA:28,0
DA:30,0
DA:33,0
DA:34,0
DA:38,0
DA:42,0
DA:46,0
DA:47,0
DA:49,0
DA:50,0
DA:52,0
DA:53,0
DA:55,0
DA:62,0
DA:63,0
DA:64,0
DA:65,0
DA:66,0
DA:67,0
DA:68,0
DA:70,0
DA:71,0
DA:73,0
DA:77,0
DA:78,0
DA:79,0
DA:81,0
DA:82,0
DA:87,0
DA:90,0
DA:121,0
DA:126,0
DA:135,0
LF:39
LH:0
BRDA:33,0,0,0
BRDA:33,0,1,0
BRDA:33,1,0,0
BRDA:33,1,1,0
BRDA:47,2,0,0
BRDA:47,2,1,0
BRDA:47,2,2,0
BRDA:63,3,0,0
BRDA:63,3,1,0
BRDA:65,4,0,0
BRDA:65,4,1,0
BRDA:65,5,0,0
BRDA:65,5,1,0
BRDA:67,6,0,0
BRDA:67,6,1,0
BRDA:77,7,0,0
BRDA:77,7,1,0
BRF:17
BRH:0
end_of_record
TN:
SF:chat\ChirpGroups.js
FN:11,ChirpGroups
FNF:1
FNH:0
FNDA:0,ChirpGroups
DA:12,0
DA:20,0
LF:2
LH:0
BRF:0
BRH:0
end_of_record
TN:
SF:chat\ChirpPreview.js
FN:6,ChirpPreview
FNF:1
FNH:0
FNDA:0,ChirpPreview
DA:12,0
DA:28,0
LF:2
LH:0
BRF:0
BRH:0
end_of_record
TN:
SF:components\AuthAlert.js
FN:6,AuthAlert
FN:7,bla
FN:12,(anonymous_2)
FNF:3
FNH:0
FNDA:0,AuthAlert
FNDA:0,bla
FNDA:0,(anonymous_2)
DA:8,0
DA:11,0
DA:12,0
DA:18,0
LF:4
LH:0
BRDA:13,0,0,0
BRDA:13,0,1,0
BRF:2
BRH:0
end_of_record
TN:
SF:components\AuthProviderButton.js
FN:7,AuthProviderButton
FNF:1
FNH:0
FNDA:0,AuthProviderButton
DA:8,0
DA:19,0
LF:2
LH:0
BRDA:12,0,0,0
BRDA:12,0,1,0
BRDA:14,1,0,0
BRDA:14,1,1,0
BRF:4
BRH:0
end_of_record
TN:
SF:components\AuthTextBox.js
FN:6,AuthTextBox
FNF:1
FNH:0
FNDA:0,AuthTextBox
DA:7,0
DA:19,0
LF:2
LH:0
BRF:0
BRH:0
end_of_record
TN:
SF:components\ChirpButton.js
FN:6,ChirpButton
FNF:1
FNH:0
FNDA:0,ChirpButton
DA:7,0
DA:14,0
LF:2
LH:0
BRDA:9,0,0,0
BRDA:9,0,1,0
BRF:2
BRH:0
end_of_record
TN:
SF:components\SearchBar.js
FN:8,SearchBar
FNF:1
FNH:0
FNDA:0,SearchBar
DA:9,0
DA:17,0
LF:2
LH:0
BRF:0
BRH:0
end_of_record
TN:
SF:config\FirebaseConfig.js
FNF:0
FNH:0
DA:1,0
LF:1
LH:0
BRF:0
BRH:0
end_of_record
