TN:
SF:App.js
FN:23,App
FNF:1
FNH:0
FNDA:0,App
DA:16,0
DA:17,0
DA:18,0
DA:19,0
DA:21,0
DA:24,0
DA:44,0
LF:7
LH:0
BRDA:27,0,0,0
BRDA:27,0,1,0
BRF:2
BRH:0
end_of_record
TN:
SF:assets\Theme.js
FNF:0
FNH:0
DA:1,0
LF:1
LH:0
BRF:0
BRH:0
end_of_record
TN:
SF:auth\GoogleSignIn.js
FN:4,GoogleSignIn
FN:9,(anonymous_1)
FN:18,(anonymous_2)
FNF:3
FNH:0
FNDA:0,GoogleSignIn
FNDA:0,(anonymous_1)
FNDA:0,(anonymous_2)
DA:5,0
DA:6,0
DA:16,0
DA:19,0
LF:4
LH:0
BRF:0
BRH:0
end_of_record
TN:
SF:auth\Login.js
FN:23,Login
FN:29,signInEmailPass
FN:33,(anonymous_2)
FN:39,(anonymous_3)
FN:53,navToRegister
FN:77,(anonymous_5)
FN:82,(anonymous_6)
FNF:7
FNH:0
FNDA:0,Login
FNDA:0,signInEmailPass
FNDA:0,(anonymous_2)
FNDA:0,(anonymous_3)
FNDA:0,navToRegister
FNDA:0,(anonymous_5)
FNDA:0,(anonymous_6)
DA:24,0
DA:25,0
DA:26,0
DA:27,0
DA:30,0
DA:36,0
DA:40,0
DA:41,0
DA:42,0
DA:43,0
DA:44,0
DA:45,0
DA:46,0
DA:48,0
DA:54,0
DA:57,0
DA:77,0
DA:82,0
DA:91,0
LF:19
LH:0
BRDA:41,0,0,0
BRDA:41,0,1,0
BRDA:43,1,0,0
BRDA:43,1,1,0
BRDA:45,2,0,0
BRDA:45,2,1,0
BRF:6
BRH:0
end_of_record
TN:
SF:auth\MicrosoftSignIn.js
FN:4,MicrosoftSignIn
FN:14,(anonymous_1)
FN:26,(anonymous_2)
FNF:3
FNH:0
FNDA:0,MicrosoftSignIn
FNDA:0,(anonymous_1)
FNDA:0,(anonymous_2)
DA:5,0
DA:6,0
DA:11,0
DA:19,0
DA:24,0
DA:28,0
LF:6
LH:0
BRF:0
BRH:0
end_of_record
TN:
SF:auth\Register.js
FN:15,Register
FN:24,createUserEmailPass
FN:29,(anonymous_2)
FN:37,(anonymous_3)
FN:53,validatePassword
FN:68,validateName
FN:78,navToLogin
FN:112,(anonymous_7)
FNF:8
FNH:0
FNDA:0,Register
FNDA:0,createUserEmailPass
FNDA:0,(anonymous_2)
FNDA:0,(anonymous_3)
FNDA:0,validatePassword
FNDA:0,validateName
FNDA:0,navToLogin
FNDA:0,(anonymous_7)
DA:16,0
DA:17,0
DA:18,0
DA:19,0
DA:20,0
DA:21,0
DA:22,0
DA:25,0
DA:26,0
DA:30,0
DA:34,0
DA:38,0
DA:39,0
DA:41,0
DA:42,0
DA:44,0
DA:45,0
DA:47,0
DA:54,0
DA:55,0
DA:56,0
DA:57,0
DA:58,0
DA:59,0
DA:60,0
DA:62,0
DA:63,0
DA:65,0
DA:69,0
DA:70,0
DA:71,0
DA:73,0
DA:74,0
DA:79,0
DA:82,0
DA:112,0
DA:126,0
LF:37
LH:0
BRDA:25,0,0,0
BRDA:25,0,1,0
BRDA:25,1,0,0
BRDA:25,1,1,0
BRDA:39,2,0,0
BRDA:39,2,1,0
BRDA:39,2,2,0
BRDA:55,3,0,0
BRDA:55,3,1,0
BRDA:57,4,0,0
BRDA:57,4,1,0
BRDA:57,5,0,0
BRDA:57,5,1,0
BRDA:59,6,0,0
BRDA:59,6,1,0
BRDA:69,7,0,0
BRDA:69,7,1,0
BRF:17
BRH:0
end_of_record
TN:
SF:components\AuthAlert.js
FN:7,AuthAlert
FN:8,bla
FN:13,(anonymous_2)
FNF:3
FNH:0
FNDA:0,AuthAlert
FNDA:0,bla
FNDA:0,(anonymous_2)
DA:9,0
DA:12,0
DA:13,0
DA:19,0
LF:4
LH:0
BRDA:14,0,0,0
BRDA:14,0,1,0
BRF:2
BRH:0
end_of_record
TN:
SF:components\AuthProviderButton.js
FN:7,AuthProviderButton
FNF:1
FNH:0
FNDA:0,AuthProviderButton
DA:8,0
DA:19,0
LF:2
LH:0
BRDA:12,0,0,0
BRDA:12,0,1,0
BRDA:14,1,0,0
BRDA:14,1,1,0
BRF:4
BRH:0
end_of_record
TN:
SF:components\AuthTextBox.js
FN:6,AuthTextBox
FNF:1
FNH:0
FNDA:0,AuthTextBox
DA:7,0
DA:19,0
LF:2
LH:0
BRF:0
BRH:0
end_of_record
TN:
SF:components\ChirpButton.js
FN:6,ChirpButton
FNF:1
FNH:0
FNDA:0,ChirpButton
DA:7,0
DA:14,0
LF:2
LH:0
BRDA:9,0,0,0
BRDA:9,0,1,0
BRF:2
BRH:0
end_of_record
TN:
SF:config\FirebaseConfig.js
FNF:0
FNH:0
DA:2,0
LF:1
LH:0
BRF:0
BRH:0
end_of_record
